<testsuites id="" name="" tests="1" failures="1" skipped="0" errors="0" time="19.539304">
<testsuite name="Youtube.spec.js" timestamp="2023-11-08T06:22:46.620Z" hostname="chromium" tests="1" failures="1" skipped="0" time="10.015" errors="0">
<testcase name="test" classname="Youtube.spec.js" time="10.015">
<failure message="Youtube.spec.js:3:5 test" type="FAILURE">
<![CDATA[  [chromium] › Youtube.spec.js:3:5 › test ──────────────────────────────────────────────────────────

    Test timeout of 10000ms exceeded.

    attachment #1: screenshot (image/png) ──────────────────────────────────────────────────────────
    test-results\Youtube-test-chromium\test-failed-1.png
    ────────────────────────────────────────────────────────────────────────────────────────────────

    attachment #2: video (video/webm) ──────────────────────────────────────────────────────────────
    test-results\Youtube-test-chromium\video.webm
    ────────────────────────────────────────────────────────────────────────────────────────────────

    attachment #3: trace (application/zip) ─────────────────────────────────────────────────────────
    test-results\Youtube-test-chromium\trace.zip
    Usage:

        npx playwright show-trace test-results\Youtube-test-chromium\trace.zip

    ────────────────────────────────────────────────────────────────────────────────────────────────
]]>
</failure>
<system-out>
<![CDATA[
[[ATTACHMENT|test-results\Youtube-test-chromium\test-failed-1.png]]

[[ATTACHMENT|test-results\Youtube-test-chromium\video.webm]]

[[ATTACHMENT|test-results\Youtube-test-chromium\trace.zip]]
]]>
</system-out>
</testcase>
</testsuite>
</testsuites>